{"name": "Заполнение формы заказа самоката", "status": "broken", "statusDetails": {"message": "selenium.common.exceptions.TimeoutException: Message: \nStacktrace:\nRemoteError@chrome://remote/content/shared/RemoteError.sys.mjs:8:8\nWebDriverError@chrome://remote/content/shared/webdriver/Errors.sys.mjs:199:5\nNoSuchElementError@chrome://remote/content/shared/webdriver/Errors.sys.mjs:552:5\ndom.find/</<@chrome://remote/content/shared/DOM.sys.mjs:136:16", "trace": "self = <tests.test_order_page.TestOrderPage object at 0x000002ACB056B4D0>\ndriver = <selenium.webdriver.firefox.webdriver.WebDriver (session=\"e18fdf5b-3517-40dc-a974-9a757376b2e4\")>\norder_button = 'click_order_button_bottom'\n\n    @allure.title('Заполнение формы заказа самоката')\n    @allure.description('Заполнение формы заказа самоката, через 2 различные кнопки заказа (в хидере и в конце страницы)')\n    @pytest.mark.parametrize('order_button', ['header_click_order_button', 'click_order_button_bottom'])\n    def test_order_page(self, driver, order_button):\n        order_page = OrderPage(driver)\n        order_page.click_cookie()\n        order_button_func = getattr(order_page, order_button)\n        order_button_func()\n        order_page.set_input_name(FirstSetOrderData.NAME)\n        order_page.set_input_surname(FirstSetOrderData.SURNAME)\n        order_page.set_input_address(FirstSetOrderData.ADDRESS)\n        order_page.find_metro_field()\n        order_page.choose_metro_station_mitino()\n        order_page.set_input_phone_number(FirstSetOrderData.PHONE_NUMBER)\n        order_page.continue_click_button()\n>       order_page.enter_delivery_date()\n\ntest_order_page.py:24: \n_ _ _ _ _ _ _ _ _ _ _ _ _ _ _ _ _ _ _ _ _ _ _ _ _ _ _ _ _ _ _ _ _ _ _ _ _ _ _ _\n..\\src\\pages\\order_page.py:57: in enter_delivery_date\n    self.click_element(OrderPageLocators.DATE_CHOOSE_DATE)\n..\\src\\pages\\base_page.py:20: in click_element\n    self.find_element(locator, timeout).click()\n    ^^^^^^^^^^^^^^^^^^^^^^^^^^^^^^^^^^^\n..\\src\\pages\\base_page.py:15: in find_element\n    return WebDriverWait(self.driver, timeout).until(EC.element_to_be_clickable(locator))\n           ^^^^^^^^^^^^^^^^^^^^^^^^^^^^^^^^^^^^^^^^^^^^^^^^^^^^^^^^^^^^^^^^^^^^^^^^^^^^^^\n_ _ _ _ _ _ _ _ _ _ _ _ _ _ _ _ _ _ _ _ _ _ _ _ _ _ _ _ _ _ _ _ _ _ _ _ _ _ _ _\n\nself = <selenium.webdriver.support.wait.WebDriverWait (session=\"e18fdf5b-3517-40dc-a974-9a757376b2e4\")>\nmethod = <function element_to_be_clickable.<locals>._predicate at 0x000002ACB06AC4A0>\nmessage = ''\n\n    def until(self, method: Callable[[D], Union[Literal[False], T]], message: str = \"\") -> T:\n        \"\"\"Wait until the method returns a value that is not False.\n    \n        Calls the method provided with the driver as an argument until the\n        return value does not evaluate to ``False``.\n    \n        Parameters:\n        -----------\n        method: callable(WebDriver)\n            - A callable object that takes a WebDriver instance as an argument.\n    \n        message: str\n            - Optional message for :exc:`TimeoutException`\n    \n        Return:\n        -------\n        object: T\n            - The result of the last call to `method`\n    \n        Raises:\n        -------\n        TimeoutException\n            - If 'method' does not return a truthy value within the WebDriverWait\n            object's timeout\n    \n        Example:\n        --------\n        >>> from selenium.webdriver.common.by import By\n        >>> from selenium.webdriver.support.ui import WebDriverWait\n        >>> from selenium.webdriver.support import expected_conditions as EC\n    \n        # Wait until an element is visible on the page\n        >>> wait = WebDriverWait(driver, 10)\n        >>> element = wait.until(EC.visibility_of_element_located((By.ID, \"exampleId\")))\n        >>> print(element.text)\n        \"\"\"\n        screen = None\n        stacktrace = None\n    \n        end_time = time.monotonic() + self._timeout\n        while True:\n            try:\n                value = method(self._driver)\n                if value:\n                    return value\n            except self._ignored_exceptions as exc:\n                screen = getattr(exc, \"screen\", None)\n                stacktrace = getattr(exc, \"stacktrace\", None)\n            if time.monotonic() > end_time:\n                break\n            time.sleep(self._poll)\n>       raise TimeoutException(message, screen, stacktrace)\nE       selenium.common.exceptions.TimeoutException: Message: \nE       Stacktrace:\nE       RemoteError@chrome://remote/content/shared/RemoteError.sys.mjs:8:8\nE       WebDriverError@chrome://remote/content/shared/webdriver/Errors.sys.mjs:199:5\nE       NoSuchElementError@chrome://remote/content/shared/webdriver/Errors.sys.mjs:552:5\nE       dom.find/</<@chrome://remote/content/shared/DOM.sys.mjs:136:16\n\n..\\..\\..\\..\\AppData\\Local\\Programs\\Python\\Python313\\Lib\\site-packages\\selenium\\webdriver\\support\\wait.py:138: TimeoutException"}, "description": "Заполнение формы заказа самоката, через 2 различные кнопки заказа (в хидере и в конце страницы)", "steps": [{"name": "Нажатие на кнопку Принять Куки", "status": "passed", "steps": [{"name": "Поиск элемента по локатору и клик по нему", "status": "passed", "steps": [{"name": "Клик по найденному элементу ('id', 'rcc-confirm-button')", "status": "passed", "steps": [{"name": "Поиск элемента по локатору", "status": "passed", "steps": [{"name": "Поиск элемента по локатору('id', 'rcc-confirm-button')", "status": "passed", "start": 1751641941833, "stop": 1751641941858}], "parameters": [{"name": "locator", "value": "('id', 'rcc-confirm-button')"}, {"name": "timeout", "value": "10"}], "start": 1751641941833, "stop": 1751641941858}], "start": 1751641941833, "stop": 1751641942096}], "parameters": [{"name": "locator", "value": "('id', 'rcc-confirm-button')"}, {"name": "timeout", "value": "10"}], "start": 1751641941833, "stop": 1751641942096}], "start": 1751641941833, "stop": 1751641942096}, {"name": "Нажатие на кнопку заказа в внизу страницы", "status": "passed", "steps": [{"name": "Поиск элемента по локатору и клик по нему", "status": "passed", "steps": [{"name": "Клик по найденному элементу ('xpath', \"//button[contains(@class, 'Button_Button') and contains(text(), 'Заказать')]\")", "status": "passed", "steps": [{"name": "Поиск элемента по локатору", "status": "passed", "steps": [{"name": "Поиск элемента по локатору('xpath', \"//button[contains(@class, 'Button_Button') and contains(text(), 'Заказать')]\")", "status": "passed", "start": 1751641942097, "stop": 1751641942106}], "parameters": [{"name": "locator", "value": "('xpath', \"//button[contains(@class, 'Button_Button') and contains(text(), 'Заказать')]\")"}, {"name": "timeout", "value": "10"}], "start": 1751641942097, "stop": 1751641942106}], "start": 1751641942097, "stop": 1751641942328}], "parameters": [{"name": "locator", "value": "('xpath', \"//button[contains(@class, 'Button_Button') and contains(text(), 'Заказать')]\")"}, {"name": "timeout", "value": "10"}], "start": 1751641942097, "stop": 1751641942328}], "start": 1751641942097, "stop": 1751641942328}, {"name": "Ввод имени", "status": "passed", "steps": [{"name": "Поиск элемента по локатору", "status": "passed", "steps": [{"name": "Поиск элемента по локатору('css selector', \"input[placeholder='* Имя']\")", "status": "passed", "start": 1751641942328, "stop": 1751641942338}], "parameters": [{"name": "locator", "value": "('css selector', \"input[placeholder='* Имя']\")"}, {"name": "timeout", "value": "10"}], "start": 1751641942328, "stop": 1751641942338}], "parameters": [{"name": "name", "value": "'Артем'"}], "start": 1751641942328, "stop": 1751641942391}, {"name": "Ввод фамилии", "status": "passed", "steps": [{"name": "Поиск элемента по локатору", "status": "passed", "steps": [{"name": "Поиск элемента по локатору('css selector', \"input[placeholder='* Фамилия']\")", "status": "passed", "start": 1751641942391, "stop": 1751641942399}], "parameters": [{"name": "locator", "value": "('css selector', \"input[placeholder='* Фамилия']\")"}, {"name": "timeout", "value": "10"}], "start": 1751641942391, "stop": 1751641942399}], "parameters": [{"name": "surname", "value": "'Елизаров'"}], "start": 1751641942391, "stop": 1751641942413}, {"name": "Ввод адреса", "status": "passed", "steps": [{"name": "Поиск элемента по локатору", "status": "passed", "steps": [{"name": "Поиск элемента по локатору('css selector', \"input[placeholder='* Адрес: куда привезти заказ']\")", "status": "passed", "start": 1751641942413, "stop": 1751641942421}], "parameters": [{"name": "locator", "value": "('css selector', \"input[placeholder='* Адрес: куда привезти заказ']\")"}, {"name": "timeout", "value": "10"}], "start": 1751641942413, "stop": 1751641942421}], "parameters": [{"name": "address", "value": "'Ростов-на-Дону, улица Тельмана 25'"}], "start": 1751641942413, "stop": 1751641942451}, {"name": "Поиск поля \"Метро\"", "status": "passed", "steps": [{"name": "Поиск элемента по локатору и клик по нему", "status": "passed", "steps": [{"name": "Клик по найденному элементу ('css selector', \"input[placeholder='* Станция метро']\")", "status": "passed", "steps": [{"name": "Поиск элемента по локатору", "status": "passed", "steps": [{"name": "Поиск элемента по локатору('css selector', \"input[placeholder='* Станция метро']\")", "status": "passed", "start": 1751641942451, "stop": 1751641942460}], "parameters": [{"name": "locator", "value": "('css selector', \"input[placeholder='* Станция метро']\")"}, {"name": "timeout", "value": "10"}], "start": 1751641942451, "stop": 1751641942460}], "start": 1751641942451, "stop": 1751641942702}], "parameters": [{"name": "locator", "value": "('css selector', \"input[placeholder='* Станция метро']\")"}, {"name": "timeout", "value": "10"}], "start": 1751641942451, "stop": 1751641942702}], "start": 1751641942451, "stop": 1751641942702}, {"name": "Выбор станции метро Митино", "status": "passed", "steps": [{"name": "Поиск элемента по локатору и клик по нему", "status": "passed", "steps": [{"name": "Клик по найденному элементу ('xpath', \"//button[contains(@class, 'select-search__option')]//div[contains(@class, 'Order_Text__2broi') and text()='Митино']\")", "status": "passed", "steps": [{"name": "Поиск элемента по локатору", "status": "passed", "steps": [{"name": "Поиск элемента по локатору('xpath', \"//button[contains(@class, 'select-search__option')]//div[contains(@class, 'Order_Text__2broi') and text()='Митино']\")", "status": "passed", "start": 1751641942703, "stop": 1751641942713}], "parameters": [{"name": "locator", "value": "('xpath', \"//button[contains(@class, 'select-search__option')]//div[contains(@class, 'Order_Text__2broi') and text()='Митино']\")"}, {"name": "timeout", "value": "10"}], "start": 1751641942703, "stop": 1751641942713}], "start": 1751641942703, "stop": 1751641943428}], "parameters": [{"name": "locator", "value": "('xpath', \"//button[contains(@class, 'select-search__option')]//div[contains(@class, 'Order_Text__2broi') and text()='Митино']\")"}, {"name": "timeout", "value": "10"}], "start": 1751641942703, "stop": 1751641943428}], "start": 1751641942703, "stop": 1751641943428}, {"name": "Ввод номера телефона для связи", "status": "passed", "steps": [{"name": "Поиск элемента по локатору", "status": "passed", "steps": [{"name": "Поиск элемента по локатору('css selector', \"input[placeholder='* Телефон: на него позвонит курьер']\")", "status": "passed", "start": 1751641943428, "stop": 1751641943436}], "parameters": [{"name": "locator", "value": "('css selector', \"input[placeholder='* Телефон: на него позвонит курьер']\")"}, {"name": "timeout", "value": "10"}], "start": 1751641943428, "stop": 1751641943436}], "parameters": [{"name": "phone", "value": "'+79012964567'"}], "start": 1751641943428, "stop": 1751641943449}, {"name": "Нажатие на кнопку Продолжить", "status": "passed", "steps": [{"name": "Поиск элемента по локатору и клик по нему", "status": "passed", "steps": [{"name": "Клик по найденному элементу ('xpath', \"//button[text()='Далее']\")", "status": "passed", "steps": [{"name": "Поиск элемента по локатору", "status": "passed", "steps": [{"name": "Поиск элемента по локатору('xpath', \"//button[text()='Далее']\")", "status": "passed", "start": 1751641943449, "stop": 1751641943457}], "parameters": [{"name": "locator", "value": "('xpath', \"//button[text()='Далее']\")"}, {"name": "timeout", "value": "10"}], "start": 1751641943449, "stop": 1751641943457}], "start": 1751641943449, "stop": 1751641943678}], "parameters": [{"name": "locator", "value": "('xpath', \"//button[text()='Далее']\")"}, {"name": "timeout", "value": "10"}], "start": 1751641943449, "stop": 1751641943678}], "start": 1751641943449, "stop": 1751641943678}, {"name": "Выбор даты доставки", "status": "broken", "statusDetails": {"message": "selenium.common.exceptions.TimeoutException: Message: \nStacktrace:\nRemoteError@chrome://remote/content/shared/RemoteError.sys.mjs:8:8\nWebDriverError@chrome://remote/content/shared/webdriver/Errors.sys.mjs:199:5\nNoSuchElementError@chrome://remote/content/shared/webdriver/Errors.sys.mjs:552:5\ndom.find/</<@chrome://remote/content/shared/DOM.sys.mjs:136:16\n\n", "trace": "  File \"C:\\Users\\User\\AppData\\Local\\Programs\\Python\\Python313\\Lib\\site-packages\\allure_commons\\_allure.py\", line 202, in impl\n    return func(*a, **kw)\n  File \"C:\\Users\\User\\Desktop\\123\\Sprint_6\\src\\pages\\order_page.py\", line 57, in enter_delivery_date\n    self.click_element(OrderPageLocators.DATE_CHOOSE_DATE)\n    ~~~~~~~~~~~~~~~~~~^^^^^^^^^^^^^^^^^^^^^^^^^^^^^^^^^^^^\n  File \"C:\\Users\\User\\AppData\\Local\\Programs\\Python\\Python313\\Lib\\site-packages\\allure_commons\\_allure.py\", line 202, in impl\n    return func(*a, **kw)\n  File \"C:\\Users\\User\\Desktop\\123\\Sprint_6\\src\\pages\\base_page.py\", line 20, in click_element\n    self.find_element(locator, timeout).click()\n    ~~~~~~~~~~~~~~~~~^^^^^^^^^^^^^^^^^^\n  File \"C:\\Users\\User\\AppData\\Local\\Programs\\Python\\Python313\\Lib\\site-packages\\allure_commons\\_allure.py\", line 202, in impl\n    return func(*a, **kw)\n  File \"C:\\Users\\User\\Desktop\\123\\Sprint_6\\src\\pages\\base_page.py\", line 15, in find_element\n    return WebDriverWait(self.driver, timeout).until(EC.element_to_be_clickable(locator))\n           ~~~~~~~~~~~~~~~~~~~~~~~~~~~~~~~~~~~~~~~~~^^^^^^^^^^^^^^^^^^^^^^^^^^^^^^^^^^^^^\n  File \"C:\\Users\\User\\AppData\\Local\\Programs\\Python\\Python313\\Lib\\site-packages\\selenium\\webdriver\\support\\wait.py\", line 138, in until\n    raise TimeoutException(message, screen, stacktrace)\n"}, "steps": [{"name": "Поиск элемента по локатору и клик по нему", "status": "passed", "steps": [{"name": "Клик по найденному элементу ('css selector', \"input[placeholder='* Когда привезти самокат']\")", "status": "passed", "steps": [{"name": "Поиск элемента по локатору", "status": "passed", "steps": [{"name": "Поиск элемента по локатору('css selector', \"input[placeholder='* Когда привезти самокат']\")", "status": "passed", "start": 1751641943678, "stop": 1751641943687}], "parameters": [{"name": "locator", "value": "('css selector', \"input[placeholder='* Когда привезти самокат']\")"}, {"name": "timeout", "value": "10"}], "start": 1751641943678, "stop": 1751641943687}], "start": 1751641943678, "stop": 1751641943927}], "parameters": [{"name": "locator", "value": "('css selector', \"input[placeholder='* Когда привезти самокат']\")"}, {"name": "timeout", "value": "10"}], "start": 1751641943678, "stop": 1751641943927}, {"name": "Поиск элемента по локатору и клик по нему", "status": "broken", "statusDetails": {"message": "selenium.common.exceptions.TimeoutException: Message: \nStacktrace:\nRemoteError@chrome://remote/content/shared/RemoteError.sys.mjs:8:8\nWebDriverError@chrome://remote/content/shared/webdriver/Errors.sys.mjs:199:5\nNoSuchElementError@chrome://remote/content/shared/webdriver/Errors.sys.mjs:552:5\ndom.find/</<@chrome://remote/content/shared/DOM.sys.mjs:136:16\n\n", "trace": "  File \"C:\\Users\\User\\AppData\\Local\\Programs\\Python\\Python313\\Lib\\site-packages\\allure_commons\\_allure.py\", line 202, in impl\n    return func(*a, **kw)\n  File \"C:\\Users\\User\\Desktop\\123\\Sprint_6\\src\\pages\\base_page.py\", line 20, in click_element\n    self.find_element(locator, timeout).click()\n    ~~~~~~~~~~~~~~~~~^^^^^^^^^^^^^^^^^^\n  File \"C:\\Users\\User\\AppData\\Local\\Programs\\Python\\Python313\\Lib\\site-packages\\allure_commons\\_allure.py\", line 202, in impl\n    return func(*a, **kw)\n  File \"C:\\Users\\User\\Desktop\\123\\Sprint_6\\src\\pages\\base_page.py\", line 15, in find_element\n    return WebDriverWait(self.driver, timeout).until(EC.element_to_be_clickable(locator))\n           ~~~~~~~~~~~~~~~~~~~~~~~~~~~~~~~~~~~~~~~~~^^^^^^^^^^^^^^^^^^^^^^^^^^^^^^^^^^^^^\n  File \"C:\\Users\\User\\AppData\\Local\\Programs\\Python\\Python313\\Lib\\site-packages\\selenium\\webdriver\\support\\wait.py\", line 138, in until\n    raise TimeoutException(message, screen, stacktrace)\n"}, "steps": [{"name": "Клик по найденному элементу ('xpath', \"//div[@aria-label='Choose четверг, 1-е мая 2025 г.']\")", "status": "broken", "statusDetails": {"message": "selenium.common.exceptions.TimeoutException: Message: \nStacktrace:\nRemoteError@chrome://remote/content/shared/RemoteError.sys.mjs:8:8\nWebDriverError@chrome://remote/content/shared/webdriver/Errors.sys.mjs:199:5\nNoSuchElementError@chrome://remote/content/shared/webdriver/Errors.sys.mjs:552:5\ndom.find/</<@chrome://remote/content/shared/DOM.sys.mjs:136:16\n\n", "trace": "  File \"C:\\Users\\User\\Desktop\\123\\Sprint_6\\src\\pages\\base_page.py\", line 20, in click_element\n    self.find_element(locator, timeout).click()\n    ~~~~~~~~~~~~~~~~~^^^^^^^^^^^^^^^^^^\n  File \"C:\\Users\\User\\AppData\\Local\\Programs\\Python\\Python313\\Lib\\site-packages\\allure_commons\\_allure.py\", line 202, in impl\n    return func(*a, **kw)\n  File \"C:\\Users\\User\\Desktop\\123\\Sprint_6\\src\\pages\\base_page.py\", line 15, in find_element\n    return WebDriverWait(self.driver, timeout).until(EC.element_to_be_clickable(locator))\n           ~~~~~~~~~~~~~~~~~~~~~~~~~~~~~~~~~~~~~~~~~^^^^^^^^^^^^^^^^^^^^^^^^^^^^^^^^^^^^^\n  File \"C:\\Users\\User\\AppData\\Local\\Programs\\Python\\Python313\\Lib\\site-packages\\selenium\\webdriver\\support\\wait.py\", line 138, in until\n    raise TimeoutException(message, screen, stacktrace)\n"}, "steps": [{"name": "Поиск элемента по локатору", "status": "broken", "statusDetails": {"message": "selenium.common.exceptions.TimeoutException: Message: \nStacktrace:\nRemoteError@chrome://remote/content/shared/RemoteError.sys.mjs:8:8\nWebDriverError@chrome://remote/content/shared/webdriver/Errors.sys.mjs:199:5\nNoSuchElementError@chrome://remote/content/shared/webdriver/Errors.sys.mjs:552:5\ndom.find/</<@chrome://remote/content/shared/DOM.sys.mjs:136:16\n\n", "trace": "  File \"C:\\Users\\User\\AppData\\Local\\Programs\\Python\\Python313\\Lib\\site-packages\\allure_commons\\_allure.py\", line 202, in impl\n    return func(*a, **kw)\n  File \"C:\\Users\\User\\Desktop\\123\\Sprint_6\\src\\pages\\base_page.py\", line 15, in find_element\n    return WebDriverWait(self.driver, timeout).until(EC.element_to_be_clickable(locator))\n           ~~~~~~~~~~~~~~~~~~~~~~~~~~~~~~~~~~~~~~~~~^^^^^^^^^^^^^^^^^^^^^^^^^^^^^^^^^^^^^\n  File \"C:\\Users\\User\\AppData\\Local\\Programs\\Python\\Python313\\Lib\\site-packages\\selenium\\webdriver\\support\\wait.py\", line 138, in until\n    raise TimeoutException(message, screen, stacktrace)\n"}, "steps": [{"name": "Поиск элемента по локатору('xpath', \"//div[@aria-label='Choose четверг, 1-е мая 2025 г.']\")", "status": "broken", "statusDetails": {"message": "selenium.common.exceptions.TimeoutException: Message: \nStacktrace:\nRemoteError@chrome://remote/content/shared/RemoteError.sys.mjs:8:8\nWebDriverError@chrome://remote/content/shared/webdriver/Errors.sys.mjs:199:5\nNoSuchElementError@chrome://remote/content/shared/webdriver/Errors.sys.mjs:552:5\ndom.find/</<@chrome://remote/content/shared/DOM.sys.mjs:136:16\n\n", "trace": "  File \"C:\\Users\\User\\Desktop\\123\\Sprint_6\\src\\pages\\base_page.py\", line 15, in find_element\n    return WebDriverWait(self.driver, timeout).until(EC.element_to_be_clickable(locator))\n           ~~~~~~~~~~~~~~~~~~~~~~~~~~~~~~~~~~~~~~~~~^^^^^^^^^^^^^^^^^^^^^^^^^^^^^^^^^^^^^\n  File \"C:\\Users\\User\\AppData\\Local\\Programs\\Python\\Python313\\Lib\\site-packages\\selenium\\webdriver\\support\\wait.py\", line 138, in until\n    raise TimeoutException(message, screen, stacktrace)\n"}, "start": 1751641943927, "stop": 1751641954004}], "parameters": [{"name": "locator", "value": "('xpath', \"//div[@aria-label='Choose четверг, 1-е мая 2025 г.']\")"}, {"name": "timeout", "value": "10"}], "start": 1751641943927, "stop": 1751641954005}], "start": 1751641943927, "stop": 1751641954005}], "parameters": [{"name": "locator", "value": "('xpath', \"//div[@aria-label='Choose четверг, 1-е мая 2025 г.']\")"}, {"name": "timeout", "value": "10"}], "start": 1751641943927, "stop": 1751641954006}], "start": 1751641943678, "stop": 1751641954006}], "parameters": [{"name": "order_button", "value": "'click_order_button_bottom'"}], "start": 1751641941833, "stop": 1751641954007, "uuid": "973a4220-0716-4150-a5f4-148028e59a88", "historyId": "9b37806566fef13001d66d98d9c17e2a", "testCaseId": "efb575613575c3fdcc2807e94192e5d3", "fullName": "tests.test_order_page.TestOrderPage#test_order_page", "labels": [{"name": "parentSuite", "value": "tests"}, {"name": "suite", "value": "test_order_page"}, {"name": "subSuite", "value": "TestOrderPage"}, {"name": "host", "value": "DESKTOP-PM8THT8"}, {"name": "thread", "value": "24356-MainThread"}, {"name": "framework", "value": "pytest"}, {"name": "language", "value": "cpython3"}, {"name": "package", "value": "tests.test_order_page"}]}