{"name": "Заполнение формы заказа самоката", "status": "broken", "statusDetails": {"message": "selenium.common.exceptions.TimeoutException: Message: \nStacktrace:\nRemoteError@chrome://remote/content/shared/RemoteError.sys.mjs:8:8\nWebDriverError@chrome://remote/content/shared/webdriver/Errors.sys.mjs:199:5\nNoSuchElementError@chrome://remote/content/shared/webdriver/Errors.sys.mjs:552:5\ndom.find/</<@chrome://remote/content/shared/DOM.sys.mjs:136:16", "trace": "self = <tests.test_order_page.TestOrderPage object at 0x00000200A5D6B250>\ndriver = <selenium.webdriver.firefox.webdriver.WebDriver (session=\"2575107e-bdee-46bd-83ba-2bc5d4c7ba02\")>\norder_button = 'header_click_order_button'\n\n    @allure.title('Заполнение формы заказа самоката')\n    @allure.description('Заполнение формы заказа самоката, через 2 различные кнопки заказа (в хидере и в конце страницы)')\n    @pytest.mark.parametrize('order_button', ['header_click_order_button', 'click_order_button_bottom'])\n    def test_order_page(self, driver, order_button):\n        order_page = OrderPage(driver)\n        order_page.click_cookie()\n        order_button_func = getattr(order_page, order_button)\n        order_button_func()\n        order_page.set_input_name(FirstSetOrderData.NAME)\n        order_page.set_input_surname(FirstSetOrderData.SURNAME)\n        order_page.set_input_address(FirstSetOrderData.ADDRESS)\n        order_page.find_metro_field()\n        order_page.choose_metro_station_mitino()\n        order_page.set_input_phone_number(FirstSetOrderData.PHONE_NUMBER)\n        order_page.continue_click_button()\n>       order_page.enter_delivery_date()\n\ntest_order_page.py:25: \n_ _ _ _ _ _ _ _ _ _ _ _ _ _ _ _ _ _ _ _ _ _ _ _ _ _ _ _ _ _ _ _ _ _ _ _ _ _ _ _\n..\\src\\pages\\order_page.py:57: in enter_delivery_date\n    self.click_element(OrderPageLocators.DATE_CHOOSE_DATE)\n..\\src\\pages\\base_page.py:20: in click_element\n    self.find_element(locator, timeout).click()\n    ^^^^^^^^^^^^^^^^^^^^^^^^^^^^^^^^^^^\n..\\src\\pages\\base_page.py:15: in find_element\n    return WebDriverWait(self.driver, timeout).until(EC.element_to_be_clickable(locator))\n           ^^^^^^^^^^^^^^^^^^^^^^^^^^^^^^^^^^^^^^^^^^^^^^^^^^^^^^^^^^^^^^^^^^^^^^^^^^^^^^\n_ _ _ _ _ _ _ _ _ _ _ _ _ _ _ _ _ _ _ _ _ _ _ _ _ _ _ _ _ _ _ _ _ _ _ _ _ _ _ _\n\nself = <selenium.webdriver.support.wait.WebDriverWait (session=\"2575107e-bdee-46bd-83ba-2bc5d4c7ba02\")>\nmethod = <function element_to_be_clickable.<locals>._predicate at 0x00000200A5DF6C00>\nmessage = ''\n\n    def until(self, method: Callable[[D], Union[Literal[False], T]], message: str = \"\") -> T:\n        \"\"\"Wait until the method returns a value that is not False.\n    \n        Calls the method provided with the driver as an argument until the\n        return value does not evaluate to ``False``.\n    \n        Parameters:\n        -----------\n        method: callable(WebDriver)\n            - A callable object that takes a WebDriver instance as an argument.\n    \n        message: str\n            - Optional message for :exc:`TimeoutException`\n    \n        Return:\n        -------\n        object: T\n            - The result of the last call to `method`\n    \n        Raises:\n        -------\n        TimeoutException\n            - If 'method' does not return a truthy value within the WebDriverWait\n            object's timeout\n    \n        Example:\n        --------\n        >>> from selenium.webdriver.common.by import By\n        >>> from selenium.webdriver.support.ui import WebDriverWait\n        >>> from selenium.webdriver.support import expected_conditions as EC\n    \n        # Wait until an element is visible on the page\n        >>> wait = WebDriverWait(driver, 10)\n        >>> element = wait.until(EC.visibility_of_element_located((By.ID, \"exampleId\")))\n        >>> print(element.text)\n        \"\"\"\n        screen = None\n        stacktrace = None\n    \n        end_time = time.monotonic() + self._timeout\n        while True:\n            try:\n                value = method(self._driver)\n                if value:\n                    return value\n            except self._ignored_exceptions as exc:\n                screen = getattr(exc, \"screen\", None)\n                stacktrace = getattr(exc, \"stacktrace\", None)\n            if time.monotonic() > end_time:\n                break\n            time.sleep(self._poll)\n>       raise TimeoutException(message, screen, stacktrace)\nE       selenium.common.exceptions.TimeoutException: Message: \nE       Stacktrace:\nE       RemoteError@chrome://remote/content/shared/RemoteError.sys.mjs:8:8\nE       WebDriverError@chrome://remote/content/shared/webdriver/Errors.sys.mjs:199:5\nE       NoSuchElementError@chrome://remote/content/shared/webdriver/Errors.sys.mjs:552:5\nE       dom.find/</<@chrome://remote/content/shared/DOM.sys.mjs:136:16\n\n..\\..\\..\\..\\AppData\\Local\\Programs\\Python\\Python313\\Lib\\site-packages\\selenium\\webdriver\\support\\wait.py:138: TimeoutException"}, "description": "Заполнение формы заказа самоката, через 2 различные кнопки заказа (в хидере и в конце страницы)", "steps": [{"name": "Нажатие на кнопку Принять Куки", "status": "passed", "steps": [{"name": "Поиск элемента по локатору и клик по нему", "status": "passed", "steps": [{"name": "Клик по найденному элементу ('id', 'rcc-confirm-button')", "status": "passed", "steps": [{"name": "Поиск элемента по локатору", "status": "passed", "steps": [{"name": "Поиск элемента по локатору('id', 'rcc-confirm-button')", "status": "passed", "start": 1751642016297, "stop": 1751642016321}], "parameters": [{"name": "locator", "value": "('id', 'rcc-confirm-button')"}, {"name": "timeout", "value": "10"}], "start": 1751642016297, "stop": 1751642016321}], "start": 1751642016297, "stop": 1751642016543}], "parameters": [{"name": "locator", "value": "('id', 'rcc-confirm-button')"}, {"name": "timeout", "value": "10"}], "start": 1751642016297, "stop": 1751642016543}], "start": 1751642016297, "stop": 1751642016543}, {"name": "Нажатие на кнопку заказа в хидере", "status": "passed", "steps": [{"name": "Поиск элемента по локатору и клик по нему", "status": "passed", "steps": [{"name": "Клик по найденному элементу ('class name', 'Button_Button__ra12g')", "status": "passed", "steps": [{"name": "Поиск элемента по локатору", "status": "passed", "steps": [{"name": "Поиск элемента по локатору('class name', 'Button_Button__ra12g')", "status": "passed", "start": 1751642016544, "stop": 1751642016553}], "parameters": [{"name": "locator", "value": "('class name', 'Button_Button__ra12g')"}, {"name": "timeout", "value": "10"}], "start": 1751642016544, "stop": 1751642016553}], "start": 1751642016544, "stop": 1751642016776}], "parameters": [{"name": "locator", "value": "('class name', 'Button_Button__ra12g')"}, {"name": "timeout", "value": "10"}], "start": 1751642016544, "stop": 1751642016776}], "start": 1751642016544, "stop": 1751642016776}, {"name": "Ввод имени", "status": "passed", "steps": [{"name": "Поиск элемента по локатору", "status": "passed", "steps": [{"name": "Поиск элемента по локатору('css selector', \"input[placeholder='* Имя']\")", "status": "passed", "start": 1751642016776, "stop": 1751642016785}], "parameters": [{"name": "locator", "value": "('css selector', \"input[placeholder='* Имя']\")"}, {"name": "timeout", "value": "10"}], "start": 1751642016776, "stop": 1751642016785}], "parameters": [{"name": "name", "value": "'Артем'"}], "start": 1751642016776, "stop": 1751642016837}, {"name": "Ввод фамилии", "status": "passed", "steps": [{"name": "Поиск элемента по локатору", "status": "passed", "steps": [{"name": "Поиск элемента по локатору('css selector', \"input[placeholder='* Фамилия']\")", "status": "passed", "start": 1751642016837, "stop": 1751642016845}], "parameters": [{"name": "locator", "value": "('css selector', \"input[placeholder='* Фамилия']\")"}, {"name": "timeout", "value": "10"}], "start": 1751642016837, "stop": 1751642016845}], "parameters": [{"name": "surname", "value": "'Елизаров'"}], "start": 1751642016837, "stop": 1751642016859}, {"name": "Ввод адреса", "status": "passed", "steps": [{"name": "Поиск элемента по локатору", "status": "passed", "steps": [{"name": "Поиск элемента по локатору('css selector', \"input[placeholder='* Адрес: куда привезти заказ']\")", "status": "passed", "start": 1751642016859, "stop": 1751642016867}], "parameters": [{"name": "locator", "value": "('css selector', \"input[placeholder='* Адрес: куда привезти заказ']\")"}, {"name": "timeout", "value": "10"}], "start": 1751642016859, "stop": 1751642016867}], "parameters": [{"name": "address", "value": "'Ростов-на-Дону, улица Тельмана 25'"}], "start": 1751642016859, "stop": 1751642016896}, {"name": "Поиск поля \"Метро\"", "status": "passed", "steps": [{"name": "Поиск элемента по локатору и клик по нему", "status": "passed", "steps": [{"name": "Клик по найденному элементу ('css selector', \"input[placeholder='* Станция метро']\")", "status": "passed", "steps": [{"name": "Поиск элемента по локатору", "status": "passed", "steps": [{"name": "Поиск элемента по локатору('css selector', \"input[placeholder='* Станция метро']\")", "status": "passed", "start": 1751642016896, "stop": 1751642016905}], "parameters": [{"name": "locator", "value": "('css selector', \"input[placeholder='* Станция метро']\")"}, {"name": "timeout", "value": "10"}], "start": 1751642016896, "stop": 1751642016905}], "start": 1751642016896, "stop": 1751642017147}], "parameters": [{"name": "locator", "value": "('css selector', \"input[placeholder='* Станция метро']\")"}, {"name": "timeout", "value": "10"}], "start": 1751642016896, "stop": 1751642017147}], "start": 1751642016896, "stop": 1751642017147}, {"name": "Выбор станции метро Митино", "status": "passed", "steps": [{"name": "Поиск элемента по локатору и клик по нему", "status": "passed", "steps": [{"name": "Клик по найденному элементу ('xpath', \"//button[contains(@class, 'select-search__option')]//div[contains(@class, 'Order_Text__2broi') and text()='Митино']\")", "status": "passed", "steps": [{"name": "Поиск элемента по локатору", "status": "passed", "steps": [{"name": "Поиск элемента по локатору('xpath', \"//button[contains(@class, 'select-search__option')]//div[contains(@class, 'Order_Text__2broi') and text()='Митино']\")", "status": "passed", "start": 1751642017148, "stop": 1751642017158}], "parameters": [{"name": "locator", "value": "('xpath', \"//button[contains(@class, 'select-search__option')]//div[contains(@class, 'Order_Text__2broi') and text()='Митино']\")"}, {"name": "timeout", "value": "10"}], "start": 1751642017148, "stop": 1751642017158}], "start": 1751642017148, "stop": 1751642017865}], "parameters": [{"name": "locator", "value": "('xpath', \"//button[contains(@class, 'select-search__option')]//div[contains(@class, 'Order_Text__2broi') and text()='Митино']\")"}, {"name": "timeout", "value": "10"}], "start": 1751642017148, "stop": 1751642017865}], "start": 1751642017147, "stop": 1751642017865}, {"name": "Ввод номера телефона для связи", "status": "passed", "steps": [{"name": "Поиск элемента по локатору", "status": "passed", "steps": [{"name": "Поиск элемента по локатору('css selector', \"input[placeholder='* Телефон: на него позвонит курьер']\")", "status": "passed", "start": 1751642017865, "stop": 1751642017873}], "parameters": [{"name": "locator", "value": "('css selector', \"input[placeholder='* Телефон: на него позвонит курьер']\")"}, {"name": "timeout", "value": "10"}], "start": 1751642017865, "stop": 1751642017873}], "parameters": [{"name": "phone", "value": "'+79012964567'"}], "start": 1751642017865, "stop": 1751642017886}, {"name": "Нажатие на кнопку Продолжить", "status": "passed", "steps": [{"name": "Поиск элемента по локатору и клик по нему", "status": "passed", "steps": [{"name": "Клик по найденному элементу ('xpath', \"//button[text()='Далее']\")", "status": "passed", "steps": [{"name": "Поиск элемента по локатору", "status": "passed", "steps": [{"name": "Поиск элемента по локатору('xpath', \"//button[text()='Далее']\")", "status": "passed", "start": 1751642017886, "stop": 1751642017894}], "parameters": [{"name": "locator", "value": "('xpath', \"//button[text()='Далее']\")"}, {"name": "timeout", "value": "10"}], "start": 1751642017886, "stop": 1751642017894}], "start": 1751642017886, "stop": 1751642018112}], "parameters": [{"name": "locator", "value": "('xpath', \"//button[text()='Далее']\")"}, {"name": "timeout", "value": "10"}], "start": 1751642017886, "stop": 1751642018112}], "start": 1751642017886, "stop": 1751642018112}, {"name": "Выбор даты доставки", "status": "broken", "statusDetails": {"message": "selenium.common.exceptions.TimeoutException: Message: \nStacktrace:\nRemoteError@chrome://remote/content/shared/RemoteError.sys.mjs:8:8\nWebDriverError@chrome://remote/content/shared/webdriver/Errors.sys.mjs:199:5\nNoSuchElementError@chrome://remote/content/shared/webdriver/Errors.sys.mjs:552:5\ndom.find/</<@chrome://remote/content/shared/DOM.sys.mjs:136:16\n\n", "trace": "  File \"C:\\Users\\User\\AppData\\Local\\Programs\\Python\\Python313\\Lib\\site-packages\\allure_commons\\_allure.py\", line 202, in impl\n    return func(*a, **kw)\n  File \"C:\\Users\\User\\Desktop\\123\\Sprint_6\\src\\pages\\order_page.py\", line 57, in enter_delivery_date\n    self.click_element(OrderPageLocators.DATE_CHOOSE_DATE)\n    ~~~~~~~~~~~~~~~~~~^^^^^^^^^^^^^^^^^^^^^^^^^^^^^^^^^^^^\n  File \"C:\\Users\\User\\AppData\\Local\\Programs\\Python\\Python313\\Lib\\site-packages\\allure_commons\\_allure.py\", line 202, in impl\n    return func(*a, **kw)\n  File \"C:\\Users\\User\\Desktop\\123\\Sprint_6\\src\\pages\\base_page.py\", line 20, in click_element\n    self.find_element(locator, timeout).click()\n    ~~~~~~~~~~~~~~~~~^^^^^^^^^^^^^^^^^^\n  File \"C:\\Users\\User\\AppData\\Local\\Programs\\Python\\Python313\\Lib\\site-packages\\allure_commons\\_allure.py\", line 202, in impl\n    return func(*a, **kw)\n  File \"C:\\Users\\User\\Desktop\\123\\Sprint_6\\src\\pages\\base_page.py\", line 15, in find_element\n    return WebDriverWait(self.driver, timeout).until(EC.element_to_be_clickable(locator))\n           ~~~~~~~~~~~~~~~~~~~~~~~~~~~~~~~~~~~~~~~~~^^^^^^^^^^^^^^^^^^^^^^^^^^^^^^^^^^^^^\n  File \"C:\\Users\\User\\AppData\\Local\\Programs\\Python\\Python313\\Lib\\site-packages\\selenium\\webdriver\\support\\wait.py\", line 138, in until\n    raise TimeoutException(message, screen, stacktrace)\n"}, "steps": [{"name": "Поиск элемента по локатору и клик по нему", "status": "passed", "steps": [{"name": "Клик по найденному элементу ('css selector', \"input[placeholder='* Когда привезти самокат']\")", "status": "passed", "steps": [{"name": "Поиск элемента по локатору", "status": "passed", "steps": [{"name": "Поиск элемента по локатору('css selector', \"input[placeholder='* Когда привезти самокат']\")", "status": "passed", "start": 1751642018113, "stop": 1751642018121}], "parameters": [{"name": "locator", "value": "('css selector', \"input[placeholder='* Когда привезти самокат']\")"}, {"name": "timeout", "value": "10"}], "start": 1751642018113, "stop": 1751642018121}], "start": 1751642018113, "stop": 1751642018357}], "parameters": [{"name": "locator", "value": "('css selector', \"input[placeholder='* Когда привезти самокат']\")"}, {"name": "timeout", "value": "10"}], "start": 1751642018112, "stop": 1751642018357}, {"name": "Поиск элемента по локатору и клик по нему", "status": "broken", "statusDetails": {"message": "selenium.common.exceptions.TimeoutException: Message: \nStacktrace:\nRemoteError@chrome://remote/content/shared/RemoteError.sys.mjs:8:8\nWebDriverError@chrome://remote/content/shared/webdriver/Errors.sys.mjs:199:5\nNoSuchElementError@chrome://remote/content/shared/webdriver/Errors.sys.mjs:552:5\ndom.find/</<@chrome://remote/content/shared/DOM.sys.mjs:136:16\n\n", "trace": "  File \"C:\\Users\\User\\AppData\\Local\\Programs\\Python\\Python313\\Lib\\site-packages\\allure_commons\\_allure.py\", line 202, in impl\n    return func(*a, **kw)\n  File \"C:\\Users\\User\\Desktop\\123\\Sprint_6\\src\\pages\\base_page.py\", line 20, in click_element\n    self.find_element(locator, timeout).click()\n    ~~~~~~~~~~~~~~~~~^^^^^^^^^^^^^^^^^^\n  File \"C:\\Users\\User\\AppData\\Local\\Programs\\Python\\Python313\\Lib\\site-packages\\allure_commons\\_allure.py\", line 202, in impl\n    return func(*a, **kw)\n  File \"C:\\Users\\User\\Desktop\\123\\Sprint_6\\src\\pages\\base_page.py\", line 15, in find_element\n    return WebDriverWait(self.driver, timeout).until(EC.element_to_be_clickable(locator))\n           ~~~~~~~~~~~~~~~~~~~~~~~~~~~~~~~~~~~~~~~~~^^^^^^^^^^^^^^^^^^^^^^^^^^^^^^^^^^^^^\n  File \"C:\\Users\\User\\AppData\\Local\\Programs\\Python\\Python313\\Lib\\site-packages\\selenium\\webdriver\\support\\wait.py\", line 138, in until\n    raise TimeoutException(message, screen, stacktrace)\n"}, "steps": [{"name": "Клик по найденному элементу ('xpath', \"//div[@aria-label='Choose четверг, 1-е мая 2025 г.']\")", "status": "broken", "statusDetails": {"message": "selenium.common.exceptions.TimeoutException: Message: \nStacktrace:\nRemoteError@chrome://remote/content/shared/RemoteError.sys.mjs:8:8\nWebDriverError@chrome://remote/content/shared/webdriver/Errors.sys.mjs:199:5\nNoSuchElementError@chrome://remote/content/shared/webdriver/Errors.sys.mjs:552:5\ndom.find/</<@chrome://remote/content/shared/DOM.sys.mjs:136:16\n\n", "trace": "  File \"C:\\Users\\User\\Desktop\\123\\Sprint_6\\src\\pages\\base_page.py\", line 20, in click_element\n    self.find_element(locator, timeout).click()\n    ~~~~~~~~~~~~~~~~~^^^^^^^^^^^^^^^^^^\n  File \"C:\\Users\\User\\AppData\\Local\\Programs\\Python\\Python313\\Lib\\site-packages\\allure_commons\\_allure.py\", line 202, in impl\n    return func(*a, **kw)\n  File \"C:\\Users\\User\\Desktop\\123\\Sprint_6\\src\\pages\\base_page.py\", line 15, in find_element\n    return WebDriverWait(self.driver, timeout).until(EC.element_to_be_clickable(locator))\n           ~~~~~~~~~~~~~~~~~~~~~~~~~~~~~~~~~~~~~~~~~^^^^^^^^^^^^^^^^^^^^^^^^^^^^^^^^^^^^^\n  File \"C:\\Users\\User\\AppData\\Local\\Programs\\Python\\Python313\\Lib\\site-packages\\selenium\\webdriver\\support\\wait.py\", line 138, in until\n    raise TimeoutException(message, screen, stacktrace)\n"}, "steps": [{"name": "Поиск элемента по локатору", "status": "broken", "statusDetails": {"message": "selenium.common.exceptions.TimeoutException: Message: \nStacktrace:\nRemoteError@chrome://remote/content/shared/RemoteError.sys.mjs:8:8\nWebDriverError@chrome://remote/content/shared/webdriver/Errors.sys.mjs:199:5\nNoSuchElementError@chrome://remote/content/shared/webdriver/Errors.sys.mjs:552:5\ndom.find/</<@chrome://remote/content/shared/DOM.sys.mjs:136:16\n\n", "trace": "  File \"C:\\Users\\User\\AppData\\Local\\Programs\\Python\\Python313\\Lib\\site-packages\\allure_commons\\_allure.py\", line 202, in impl\n    return func(*a, **kw)\n  File \"C:\\Users\\User\\Desktop\\123\\Sprint_6\\src\\pages\\base_page.py\", line 15, in find_element\n    return WebDriverWait(self.driver, timeout).until(EC.element_to_be_clickable(locator))\n           ~~~~~~~~~~~~~~~~~~~~~~~~~~~~~~~~~~~~~~~~~^^^^^^^^^^^^^^^^^^^^^^^^^^^^^^^^^^^^^\n  File \"C:\\Users\\User\\AppData\\Local\\Programs\\Python\\Python313\\Lib\\site-packages\\selenium\\webdriver\\support\\wait.py\", line 138, in until\n    raise TimeoutException(message, screen, stacktrace)\n"}, "steps": [{"name": "Поиск элемента по локатору('xpath', \"//div[@aria-label='Choose четверг, 1-е мая 2025 г.']\")", "status": "broken", "statusDetails": {"message": "selenium.common.exceptions.TimeoutException: Message: \nStacktrace:\nRemoteError@chrome://remote/content/shared/RemoteError.sys.mjs:8:8\nWebDriverError@chrome://remote/content/shared/webdriver/Errors.sys.mjs:199:5\nNoSuchElementError@chrome://remote/content/shared/webdriver/Errors.sys.mjs:552:5\ndom.find/</<@chrome://remote/content/shared/DOM.sys.mjs:136:16\n\n", "trace": "  File \"C:\\Users\\User\\Desktop\\123\\Sprint_6\\src\\pages\\base_page.py\", line 15, in find_element\n    return WebDriverWait(self.driver, timeout).until(EC.element_to_be_clickable(locator))\n           ~~~~~~~~~~~~~~~~~~~~~~~~~~~~~~~~~~~~~~~~~^^^^^^^^^^^^^^^^^^^^^^^^^^^^^^^^^^^^^\n  File \"C:\\Users\\User\\AppData\\Local\\Programs\\Python\\Python313\\Lib\\site-packages\\selenium\\webdriver\\support\\wait.py\", line 138, in until\n    raise TimeoutException(message, screen, stacktrace)\n"}, "start": 1751642018357, "stop": 1751642028412}], "parameters": [{"name": "locator", "value": "('xpath', \"//div[@aria-label='Choose четверг, 1-е мая 2025 г.']\")"}, {"name": "timeout", "value": "10"}], "start": 1751642018357, "stop": 1751642028413}], "start": 1751642018357, "stop": 1751642028414}], "parameters": [{"name": "locator", "value": "('xpath', \"//div[@aria-label='Choose четверг, 1-е мая 2025 г.']\")"}, {"name": "timeout", "value": "10"}], "start": 1751642018357, "stop": 1751642028415}], "start": 1751642018112, "stop": 1751642028415}], "parameters": [{"name": "order_button", "value": "'header_click_order_button'"}], "start": 1751642016297, "stop": 1751642028416, "uuid": "1147556b-98e6-49ef-bdb4-e668287ffc3a", "historyId": "b899bc3b5ff6fd7892c9611e27cfb302", "testCaseId": "efb575613575c3fdcc2807e94192e5d3", "fullName": "tests.test_order_page.TestOrderPage#test_order_page", "labels": [{"name": "parentSuite", "value": "tests"}, {"name": "suite", "value": "test_order_page"}, {"name": "subSuite", "value": "TestOrderPage"}, {"name": "host", "value": "DESKTOP-PM8THT8"}, {"name": "thread", "value": "23880-MainThread"}, {"name": "framework", "value": "pytest"}, {"name": "language", "value": "cpython3"}, {"name": "package", "value": "tests.test_order_page"}]}